<?xml version="1.0" encoding="UTF-8"?>
<testsuite name="controllers.NoteAPITest$AddNotes" tests="2" skipped="0" failures="0" errors="0" timestamp="2022-03-27T11:58:59" hostname="LAPTOP-M11PNU4P" time="0.071">
  <properties/>
  <testcase name="adding a Note to a populated list adds to ArrayList()" classname="controllers.NoteAPITest$AddNotes" time="0.067"/>
  <testcase name="adding a Note to an empty list adds to ArrayList()" classname="controllers.NoteAPITest$AddNotes" time="0.002"/>
  <system-out><![CDATA[]]></system-out>
  <system-err><![CDATA[]]></system-err>
</testsuite>
