<?xml version="1.0" encoding="UTF-8"?>
<testsuite name="controllers.NoteAPITest$AddNotes" tests="2" skipped="0" failures="0" errors="0" timestamp="2022-03-25T14:00:47" hostname="LAPTOP-M11PNU4P" time="0.037">
  <properties/>
  <testcase name="adding a Note to a populated list adds to ArrayList()" classname="controllers.NoteAPITest$AddNotes" time="0.035"/>
  <testcase name="adding a Note to an empty list adds to ArrayList()" classname="controllers.NoteAPITest$AddNotes" time="0.001"/>
  <system-out><![CDATA[]]></system-out>
  <system-err><![CDATA[]]></system-err>
</testsuite>
